2019/01/25 17:53:34 [INFO] Terraform version: 0.11.11  ac4fff416318bf0915a0ab80e062a99ef3724334
2019/01/25 17:53:34 [INFO] Go runtime version: go1.11.1
2019/01/25 17:53:34 [INFO] CLI args: []string{"/Users/crest/go/bin/terraform", "plan", "-parallelism=1"}
2019/01/25 17:53:34 [DEBUG] Attempting to open CLI config file: /Users/crest/.terraformrc
2019/01/25 17:53:34 [DEBUG] File doesn't exist, but doesn't need to. Ignoring.
2019/01/25 17:53:34 [INFO] CLI command args: []string{"plan", "-parallelism=1"}
2019/01/25 17:53:34 [INFO] command: empty terraform config, returning nil
2019/01/25 17:53:34 [DEBUG] command: no data state file found for backend config
2019/01/25 17:53:34 [DEBUG] New state was assigned lineage "59acc1a7-604f-59a4-fa2e-f6f53f927757"
2019/01/25 17:53:34 [INFO] command: backend initialized: <nil>
2019/01/25 17:53:34 [DEBUG] checking for provider in "."
2019/01/25 17:53:34 [DEBUG] checking for provider in "/Users/crest/go/bin"
2019/01/25 17:53:34 [WARN] found legacy provider "terraform-provider-aci"
2019/01/25 17:53:34 [DEBUG] checking for provider in ".terraform/plugins/darwin_amd64"
2019/01/25 17:53:34 [DEBUG] found valid plugin: "aci", "0.0.0", "/Users/crest/go/bin/terraform-provider-aci"
2019/01/25 17:53:34 [DEBUG] checking for provisioner in "."
2019/01/25 17:53:34 [DEBUG] checking for provisioner in "/Users/crest/go/bin"
2019/01/25 17:53:34 [DEBUG] checking for provisioner in ".terraform/plugins/darwin_amd64"
2019/01/25 17:53:34 [INFO] command: backend <nil> is not enhanced, wrapping in local
2019/01/25 17:53:34 [INFO] backend/local: starting Plan operation
2019/01/25 17:53:34 [DEBUG] New state was assigned lineage "b34768a0-385a-e880-cabb-f1200a0152a2"
2019/01/25 17:53:34 [INFO] terraform: building graph: GraphTypeInput
2019/01/25 17:53:34 [TRACE] ConfigTransformer: Starting for path: []
2019/01/25 17:53:34 [TRACE] Graph after step *terraform.ConfigTransformer:

data.aci_vmm_domain.fetch_domain - *terraform.NodeAbstractResource
2019/01/25 17:53:34 [TRACE] Graph after step *terraform.LocalTransformer:

data.aci_vmm_domain.fetch_domain - *terraform.NodeAbstractResource
2019/01/25 17:53:34 [TRACE] Graph after step *terraform.OutputTransformer:

data.aci_vmm_domain.fetch_domain - *terraform.NodeAbstractResource
2019/01/25 17:53:34 [TRACE] Graph after step *terraform.OrphanResourceTransformer:

data.aci_vmm_domain.fetch_domain - *terraform.NodeAbstractResource
2019/01/25 17:53:34 [TRACE] Graph after step *terraform.OrphanOutputTransformer:

data.aci_vmm_domain.fetch_domain - *terraform.NodeAbstractResource
2019/01/25 17:53:34 [TRACE] AttachResourceConfigTransformer: Beginning...
2019/01/25 17:53:34 [TRACE] AttachResourceConfigTransformer: Attach resource config request: data.aci_vmm_domain.fetch_domain
2019/01/25 17:53:34 [TRACE] Attaching resource config: &config.Resource{Mode:1, Name:"fetch_domain", Type:"aci_vmm_domain", RawCount:(*config.RawConfig)(0xc0002c88c0), RawConfig:(*config.RawConfig)(0xc0002c8850), Provisioners:[]*config.Provisioner{}, Provider:"", DependsOn:[]string(nil), Lifecycle:config.ResourceLifecycle{CreateBeforeDestroy:false, PreventDestroy:false, IgnoreChanges:[]string(nil)}}
2019/01/25 17:53:34 [TRACE] Graph after step *terraform.AttachResourceConfigTransformer:

data.aci_vmm_domain.fetch_domain - *terraform.NodeAbstractResource
2019/01/25 17:53:34 [DEBUG] Resource state not found for "data.aci_vmm_domain.fetch_domain": data.aci_vmm_domain.fetch_domain
2019/01/25 17:53:34 [TRACE] Graph after step *terraform.AttachStateTransformer:

data.aci_vmm_domain.fetch_domain - *terraform.NodeAbstractResource
2019/01/25 17:53:34 [TRACE] Graph after step *terraform.RootVariableTransformer:

data.aci_vmm_domain.fetch_domain - *terraform.NodeAbstractResource
2019/01/25 17:53:34 [TRACE] ProviderConfigTransformer: Starting for path: []
2019/01/25 17:53:34 [TRACE] Attach provider request: []string{} aci
2019/01/25 17:53:34 [TRACE] Attaching provider config: *config.ProviderConfig{Name:"aci", Alias:"", Version:"", RawConfig:(*config.RawConfig)(0xc0002c87e0)}
2019/01/25 17:53:34 [TRACE] Graph after step *terraform.ProviderConfigTransformer:

data.aci_vmm_domain.fetch_domain - *terraform.NodeAbstractResource
provider.aci - *terraform.NodeApplyableProvider
2019/01/25 17:53:34 [TRACE] Graph after step *terraform.MissingProviderTransformer:

data.aci_vmm_domain.fetch_domain - *terraform.NodeAbstractResource
provider.aci - *terraform.NodeApplyableProvider
2019/01/25 17:53:34 [DEBUG] resource data.aci_vmm_domain.fetch_domain using provider provider.aci
2019/01/25 17:53:34 [TRACE] Graph after step *terraform.ProviderTransformer:

data.aci_vmm_domain.fetch_domain - *terraform.NodeAbstractResource
  provider.aci - *terraform.NodeApplyableProvider
provider.aci - *terraform.NodeApplyableProvider
2019/01/25 17:53:34 [TRACE] Graph after step *terraform.PruneProviderTransformer:

data.aci_vmm_domain.fetch_domain - *terraform.NodeAbstractResource
  provider.aci - *terraform.NodeApplyableProvider
provider.aci - *terraform.NodeApplyableProvider
2019/01/25 17:53:34 [TRACE] Graph after step *terraform.ParentProviderTransformer:

data.aci_vmm_domain.fetch_domain - *terraform.NodeAbstractResource
  provider.aci - *terraform.NodeApplyableProvider
provider.aci - *terraform.NodeApplyableProvider
2019/01/25 17:53:34 [TRACE] Graph after step *terraform.graphTransformerMulti:

data.aci_vmm_domain.fetch_domain - *terraform.NodeAbstractResource
  provider.aci - *terraform.NodeApplyableProvider
provider.aci - *terraform.NodeApplyableProvider
2019/01/25 17:53:34 [TRACE] Graph after step *terraform.ModuleVariableTransformer:

data.aci_vmm_domain.fetch_domain - *terraform.NodeAbstractResource
  provider.aci - *terraform.NodeApplyableProvider
provider.aci - *terraform.NodeApplyableProvider
2019/01/25 17:53:34 [TRACE] Graph after step *terraform.RemovedModuleTransformer:

data.aci_vmm_domain.fetch_domain - *terraform.NodeAbstractResource
  provider.aci - *terraform.NodeApplyableProvider
provider.aci - *terraform.NodeApplyableProvider
2019/01/25 17:53:34 [DEBUG] ReferenceTransformer: "data.aci_vmm_domain.fetch_domain" references: []
2019/01/25 17:53:34 [DEBUG] ReferenceTransformer: "provider.aci" references: []
2019/01/25 17:53:34 [TRACE] Graph after step *terraform.ReferenceTransformer:

data.aci_vmm_domain.fetch_domain - *terraform.NodeAbstractResource
  provider.aci - *terraform.NodeApplyableProvider
provider.aci - *terraform.NodeApplyableProvider
2019/01/25 17:53:34 [TRACE] Graph after step *terraform.CountBoundaryTransformer:

data.aci_vmm_domain.fetch_domain - *terraform.NodeAbstractResource
  provider.aci - *terraform.NodeApplyableProvider
meta.count-boundary (count boundary fixup) - *terraform.NodeCountBoundary
  data.aci_vmm_domain.fetch_domain - *terraform.NodeAbstractResource
  provider.aci - *terraform.NodeApplyableProvider
provider.aci - *terraform.NodeApplyableProvider
2019/01/25 17:53:34 [TRACE] Graph after step *terraform.TargetsTransformer:

data.aci_vmm_domain.fetch_domain - *terraform.NodeAbstractResource
  provider.aci - *terraform.NodeApplyableProvider
meta.count-boundary (count boundary fixup) - *terraform.NodeCountBoundary
  data.aci_vmm_domain.fetch_domain - *terraform.NodeAbstractResource
  provider.aci - *terraform.NodeApplyableProvider
provider.aci - *terraform.NodeApplyableProvider
2019/01/25 17:53:34 [TRACE] Graph after step *terraform.CloseProviderTransformer:

data.aci_vmm_domain.fetch_domain - *terraform.NodeAbstractResource
  provider.aci - *terraform.NodeApplyableProvider
meta.count-boundary (count boundary fixup) - *terraform.NodeCountBoundary
  data.aci_vmm_domain.fetch_domain - *terraform.NodeAbstractResource
  provider.aci - *terraform.NodeApplyableProvider
provider.aci - *terraform.NodeApplyableProvider
provider.aci (close) - *terraform.graphNodeCloseProvider
  data.aci_vmm_domain.fetch_domain - *terraform.NodeAbstractResource
  provider.aci - *terraform.NodeApplyableProvider
2019/01/25 17:53:34 [TRACE] Graph after step *terraform.CloseProvisionerTransformer:

data.aci_vmm_domain.fetch_domain - *terraform.NodeAbstractResource
  provider.aci - *terraform.NodeApplyableProvider
meta.count-boundary (count boundary fixup) - *terraform.NodeCountBoundary
  data.aci_vmm_domain.fetch_domain - *terraform.NodeAbstractResource
  provider.aci - *terraform.NodeApplyableProvider
provider.aci - *terraform.NodeApplyableProvider
provider.aci (close) - *terraform.graphNodeCloseProvider
  data.aci_vmm_domain.fetch_domain - *terraform.NodeAbstractResource
  provider.aci - *terraform.NodeApplyableProvider
2019/01/25 17:53:34 [TRACE] Graph after step *terraform.RootTransformer:

data.aci_vmm_domain.fetch_domain - *terraform.NodeAbstractResource
  provider.aci - *terraform.NodeApplyableProvider
meta.count-boundary (count boundary fixup) - *terraform.NodeCountBoundary
  data.aci_vmm_domain.fetch_domain - *terraform.NodeAbstractResource
  provider.aci - *terraform.NodeApplyableProvider
provider.aci - *terraform.NodeApplyableProvider
provider.aci (close) - *terraform.graphNodeCloseProvider
  data.aci_vmm_domain.fetch_domain - *terraform.NodeAbstractResource
  provider.aci - *terraform.NodeApplyableProvider
root - terraform.graphNodeRoot
  meta.count-boundary (count boundary fixup) - *terraform.NodeCountBoundary
  provider.aci (close) - *terraform.graphNodeCloseProvider
2019/01/25 17:53:34 [TRACE] Graph after step *terraform.TransitiveReductionTransformer:

data.aci_vmm_domain.fetch_domain - *terraform.NodeAbstractResource
  provider.aci - *terraform.NodeApplyableProvider
meta.count-boundary (count boundary fixup) - *terraform.NodeCountBoundary
  data.aci_vmm_domain.fetch_domain - *terraform.NodeAbstractResource
provider.aci - *terraform.NodeApplyableProvider
provider.aci (close) - *terraform.graphNodeCloseProvider
  data.aci_vmm_domain.fetch_domain - *terraform.NodeAbstractResource
root - terraform.graphNodeRoot
  meta.count-boundary (count boundary fixup) - *terraform.NodeCountBoundary
  provider.aci (close) - *terraform.graphNodeCloseProvider
2019/01/25 17:53:34 [DEBUG] Starting graph walk: walkInput
2019/01/25 17:53:34 [TRACE] dag/walk: added new vertex: "data.aci_vmm_domain.fetch_domain"
2019/01/25 17:53:34 [TRACE] dag/walk: added new vertex: "provider.aci"
2019/01/25 17:53:34 [TRACE] dag/walk: added new vertex: "meta.count-boundary (count boundary fixup)"
2019/01/25 17:53:34 [TRACE] dag/walk: added new vertex: "provider.aci (close)"
2019/01/25 17:53:34 [TRACE] dag/walk: added new vertex: "root"
2019/01/25 17:53:34 [TRACE] dag/walk: added edge: "root" waiting on "provider.aci (close)"
2019/01/25 17:53:34 [TRACE] dag/walk: added edge: "data.aci_vmm_domain.fetch_domain" waiting on "provider.aci"
2019/01/25 17:53:34 [TRACE] dag/walk: added edge: "meta.count-boundary (count boundary fixup)" waiting on "data.aci_vmm_domain.fetch_domain"
2019/01/25 17:53:34 [TRACE] dag/walk: added edge: "provider.aci (close)" waiting on "data.aci_vmm_domain.fetch_domain"
2019/01/25 17:53:34 [TRACE] dag/walk: added edge: "root" waiting on "meta.count-boundary (count boundary fixup)"
2019/01/25 17:53:34 [TRACE] dag/walk: dependencies changed for "meta.count-boundary (count boundary fixup)", sending new deps
2019/01/25 17:53:34 [TRACE] dag/walk: dependencies changed for "provider.aci (close)", sending new deps
2019/01/25 17:53:34 [TRACE] dag/walk: dependencies changed for "root", sending new deps
2019/01/25 17:53:34 [TRACE] dag/walk: dependencies changed for "data.aci_vmm_domain.fetch_domain", sending new deps
2019/01/25 17:53:34 [TRACE] dag/walk: walking "provider.aci"
2019/01/25 17:53:34 [TRACE] vertex 'root.provider.aci': walking
2019/01/25 17:53:34 [TRACE] vertex 'root.provider.aci': evaluating
2019/01/25 17:53:34 [TRACE] [walkInput] Entering eval tree: provider.aci
2019/01/25 17:53:34 [TRACE] root: eval: *terraform.EvalSequence
2019/01/25 17:53:34 [TRACE] root: eval: *terraform.EvalInitProvider
2019-01-25T17:53:34.562+0530 [DEBUG] plugin: starting plugin: path=/Users/crest/go/bin/terraform-provider-aci args=[/Users/crest/go/bin/terraform-provider-aci]
2019-01-25T17:53:34.566+0530 [DEBUG] plugin: waiting for RPC address: path=/Users/crest/go/bin/terraform-provider-aci
2019-01-25T17:53:34.587+0530 [DEBUG] plugin.terraform-provider-aci: plugin address: timestamp=2019-01-25T17:53:34.587+0530 address=/var/folders/5s/w4ns2tt56sx3r41c2_s74mj40000gn/T/plugin663838853 network=unix
2019/01/25 17:53:34 [TRACE] root: eval: *terraform.EvalOpFilter
2019/01/25 17:53:34 [TRACE] root: eval: *terraform.EvalSequence
2019/01/25 17:53:34 [TRACE] root: eval: *terraform.EvalGetProvider
2019/01/25 17:53:34 [TRACE] root: eval: *terraform.EvalInterpolateProvider
2019/01/25 17:53:34 [TRACE] root: eval: *terraform.EvalBuildProviderConfig
2019/01/25 17:53:34 [TRACE] root: eval: *terraform.EvalInputProvider
2019/01/25 17:53:34 [TRACE] root: eval: terraform.EvalNoop
2019/01/25 17:53:34 [TRACE] root: eval: terraform.EvalNoop
2019/01/25 17:53:34 [TRACE] root: eval: terraform.EvalNoop
2019/01/25 17:53:34 [TRACE] [walkInput] Exiting eval tree: provider.aci
2019/01/25 17:53:34 [TRACE] dag/walk: walking "data.aci_vmm_domain.fetch_domain"
2019/01/25 17:53:34 [TRACE] vertex 'root.data.aci_vmm_domain.fetch_domain': walking
2019/01/25 17:53:34 [TRACE] dag/walk: walking "meta.count-boundary (count boundary fixup)"
2019/01/25 17:53:34 [TRACE] vertex 'root.meta.count-boundary (count boundary fixup)': walking
2019/01/25 17:53:34 [TRACE] dag/walk: walking "provider.aci (close)"
2019/01/25 17:53:34 [TRACE] vertex 'root.provider.aci (close)': walking
2019/01/25 17:53:34 [TRACE] vertex 'root.meta.count-boundary (count boundary fixup)': evaluating
2019/01/25 17:53:34 [TRACE] vertex 'root.provider.aci (close)': evaluating
2019/01/25 17:53:34 [TRACE] [walkInput] Entering eval tree: provider.aci (close)
2019/01/25 17:53:34 [TRACE] root: eval: *terraform.EvalCloseProvider
2019/01/25 17:53:34 [TRACE] [walkInput] Exiting eval tree: provider.aci (close)
2019/01/25 17:53:34 [TRACE] [walkInput] Entering eval tree: meta.count-boundary (count boundary fixup)
2019/01/25 17:53:34 [TRACE] root: eval: *terraform.EvalCountFixZeroOneBoundaryGlobal
2019/01/25 17:53:34 [TRACE] [walkInput] Exiting eval tree: meta.count-boundary (count boundary fixup)
2019/01/25 17:53:34 [TRACE] dag/walk: walking "root"
2019/01/25 17:53:34 [TRACE] vertex 'root.root': walking
2019/01/25 17:53:34 [INFO] terraform: building graph: GraphTypeValidate
2019/01/25 17:53:34 [TRACE] ConfigTransformer: Starting for path: []
2019/01/25 17:53:34 [TRACE] Graph after step *terraform.ConfigTransformer:

data.aci_vmm_domain.fetch_domain - *terraform.NodeValidatableResource
2019/01/25 17:53:34 [TRACE] Graph after step *terraform.LocalTransformer:

data.aci_vmm_domain.fetch_domain - *terraform.NodeValidatableResource
2019/01/25 17:53:34 [TRACE] Graph after step *terraform.OutputTransformer:

data.aci_vmm_domain.fetch_domain - *terraform.NodeValidatableResource
2019/01/25 17:53:34 [TRACE] Graph after step *terraform.OrphanResourceTransformer:

data.aci_vmm_domain.fetch_domain - *terraform.NodeValidatableResource
2019/01/25 17:53:34 [TRACE] Graph after step *terraform.OrphanOutputTransformer:

data.aci_vmm_domain.fetch_domain - *terraform.NodeValidatableResource
2019/01/25 17:53:34 [TRACE] AttachResourceConfigTransformer: Beginning...
2019/01/25 17:53:34 [TRACE] AttachResourceConfigTransformer: Attach resource config request: data.aci_vmm_domain.fetch_domain
2019/01/25 17:53:34 [TRACE] Attaching resource config: &config.Resource{Mode:1, Name:"fetch_domain", Type:"aci_vmm_domain", RawCount:(*config.RawConfig)(0xc0002c88c0), RawConfig:(*config.RawConfig)(0xc0002c8850), Provisioners:[]*config.Provisioner{}, Provider:"", DependsOn:[]string(nil), Lifecycle:config.ResourceLifecycle{CreateBeforeDestroy:false, PreventDestroy:false, IgnoreChanges:[]string(nil)}}
2019/01/25 17:53:34 [TRACE] Graph after step *terraform.AttachResourceConfigTransformer:

data.aci_vmm_domain.fetch_domain - *terraform.NodeValidatableResource
2019/01/25 17:53:34 [DEBUG] Resource state not found for "data.aci_vmm_domain.fetch_domain": data.aci_vmm_domain.fetch_domain
2019/01/25 17:53:34 [TRACE] Graph after step *terraform.AttachStateTransformer:

data.aci_vmm_domain.fetch_domain - *terraform.NodeValidatableResource
2019/01/25 17:53:34 [TRACE] Graph after step *terraform.RootVariableTransformer:

data.aci_vmm_domain.fetch_domain - *terraform.NodeValidatableResource
2019/01/25 17:53:34 [TRACE] ProviderConfigTransformer: Starting for path: []
2019/01/25 17:53:34 [TRACE] Attach provider request: []string{} aci
2019/01/25 17:53:34 [TRACE] Attaching provider config: *config.ProviderConfig{Name:"aci", Alias:"", Version:"", RawConfig:(*config.RawConfig)(0xc0002c87e0)}
2019/01/25 17:53:34 [TRACE] Graph after step *terraform.ProviderConfigTransformer:

data.aci_vmm_domain.fetch_domain - *terraform.NodeValidatableResource
provider.aci - *terraform.NodeApplyableProvider
2019/01/25 17:53:34 [TRACE] Graph after step *terraform.MissingProviderTransformer:

data.aci_vmm_domain.fetch_domain - *terraform.NodeValidatableResource
provider.aci - *terraform.NodeApplyableProvider
2019/01/25 17:53:34 [DEBUG] resource data.aci_vmm_domain.fetch_domain using provider provider.aci
2019/01/25 17:53:34 [TRACE] Graph after step *terraform.ProviderTransformer:

data.aci_vmm_domain.fetch_domain - *terraform.NodeValidatableResource
  provider.aci - *terraform.NodeApplyableProvider
provider.aci - *terraform.NodeApplyableProvider
2019/01/25 17:53:34 [TRACE] Graph after step *terraform.PruneProviderTransformer:

data.aci_vmm_domain.fetch_domain - *terraform.NodeValidatableResource
  provider.aci - *terraform.NodeApplyableProvider
provider.aci - *terraform.NodeApplyableProvider
2019/01/25 17:53:34 [TRACE] Graph after step *terraform.ParentProviderTransformer:

data.aci_vmm_domain.fetch_domain - *terraform.NodeValidatableResource
  provider.aci - *terraform.NodeApplyableProvider
provider.aci - *terraform.NodeApplyableProvider
2019/01/25 17:53:34 [TRACE] Graph after step *terraform.graphTransformerMulti:

data.aci_vmm_domain.fetch_domain - *terraform.NodeValidatableResource
  provider.aci - *terraform.NodeApplyableProvider
provider.aci - *terraform.NodeApplyableProvider
2019/01/25 17:53:34 [TRACE] Graph after step *terraform.MissingProvisionerTransformer:

data.aci_vmm_domain.fetch_domain - *terraform.NodeValidatableResource
  provider.aci - *terraform.NodeApplyableProvider
provider.aci - *terraform.NodeApplyableProvider
2019/01/25 17:53:34 [TRACE] Graph after step *terraform.ProvisionerTransformer:

data.aci_vmm_domain.fetch_domain - *terraform.NodeValidatableResource
  provider.aci - *terraform.NodeApplyableProvider
provider.aci - *terraform.NodeApplyableProvider
2019/01/25 17:53:34 [TRACE] Graph after step *terraform.graphTransformerMulti:

data.aci_vmm_domain.fetch_domain - *terraform.NodeValidatableResource
  provider.aci - *terraform.NodeApplyableProvider
provider.aci - *terraform.NodeApplyableProvider
2019/01/25 17:53:34 [TRACE] Graph after step *terraform.ModuleVariableTransformer:

data.aci_vmm_domain.fetch_domain - *terraform.NodeValidatableResource
  provider.aci - *terraform.NodeApplyableProvider
provider.aci - *terraform.NodeApplyableProvider
2019/01/25 17:53:34 [TRACE] Graph after step *terraform.RemovedModuleTransformer:

data.aci_vmm_domain.fetch_domain - *terraform.NodeValidatableResource
  provider.aci - *terraform.NodeApplyableProvider
provider.aci - *terraform.NodeApplyableProvider
2019/01/25 17:53:34 [DEBUG] ReferenceTransformer: "data.aci_vmm_domain.fetch_domain" references: []
2019/01/25 17:53:34 [DEBUG] ReferenceTransformer: "provider.aci" references: []
2019/01/25 17:53:34 [TRACE] Graph after step *terraform.ReferenceTransformer:

data.aci_vmm_domain.fetch_domain - *terraform.NodeValidatableResource
  provider.aci - *terraform.NodeApplyableProvider
provider.aci - *terraform.NodeApplyableProvider
2019/01/25 17:53:34 [TRACE] Graph after step *terraform.CountBoundaryTransformer:

data.aci_vmm_domain.fetch_domain - *terraform.NodeValidatableResource
  provider.aci - *terraform.NodeApplyableProvider
meta.count-boundary (count boundary fixup) - *terraform.NodeCountBoundary
  data.aci_vmm_domain.fetch_domain - *terraform.NodeValidatableResource
  provider.aci - *terraform.NodeApplyableProvider
provider.aci - *terraform.NodeApplyableProvider
2019/01/25 17:53:34 [TRACE] Graph after step *terraform.TargetsTransformer:

data.aci_vmm_domain.fetch_domain - *terraform.NodeValidatableResource
  provider.aci - *terraform.NodeApplyableProvider
meta.count-boundary (count boundary fixup) - *terraform.NodeCountBoundary
  data.aci_vmm_domain.fetch_domain - *terraform.NodeValidatableResource
  provider.aci - *terraform.NodeApplyableProvider
provider.aci - *terraform.NodeApplyableProvider
2019/01/25 17:53:34 [TRACE] Graph after step *terraform.CloseProviderTransformer:

data.aci_vmm_domain.fetch_domain - *terraform.NodeValidatableResource
  provider.aci - *terraform.NodeApplyableProvider
meta.count-boundary (count boundary fixup) - *terraform.NodeCountBoundary
  data.aci_vmm_domain.fetch_domain - *terraform.NodeValidatableResource
  provider.aci - *terraform.NodeApplyableProvider
provider.aci - *terraform.NodeApplyableProvider
provider.aci (close) - *terraform.graphNodeCloseProvider
  data.aci_vmm_domain.fetch_domain - *terraform.NodeValidatableResource
  provider.aci - *terraform.NodeApplyableProvider
2019/01/25 17:53:34 [TRACE] Graph after step *terraform.CloseProvisionerTransformer:

data.aci_vmm_domain.fetch_domain - *terraform.NodeValidatableResource
  provider.aci - *terraform.NodeApplyableProvider
meta.count-boundary (count boundary fixup) - *terraform.NodeCountBoundary
  data.aci_vmm_domain.fetch_domain - *terraform.NodeValidatableResource
  provider.aci - *terraform.NodeApplyableProvider
provider.aci - *terraform.NodeApplyableProvider
provider.aci (close) - *terraform.graphNodeCloseProvider
  data.aci_vmm_domain.fetch_domain - *terraform.NodeValidatableResource
  provider.aci - *terraform.NodeApplyableProvider
2019/01/25 17:53:34 [TRACE] Graph after step *terraform.RootTransformer:

data.aci_vmm_domain.fetch_domain - *terraform.NodeValidatableResource
  provider.aci - *terraform.NodeApplyableProvider
meta.count-boundary (count boundary fixup) - *terraform.NodeCountBoundary
  data.aci_vmm_domain.fetch_domain - *terraform.NodeValidatableResource
  provider.aci - *terraform.NodeApplyableProvider
provider.aci - *terraform.NodeApplyableProvider
provider.aci (close) - *terraform.graphNodeCloseProvider
  data.aci_vmm_domain.fetch_domain - *terraform.NodeValidatableResource
  provider.aci - *terraform.NodeApplyableProvider
root - terraform.graphNodeRoot
  meta.count-boundary (count boundary fixup) - *terraform.NodeCountBoundary
  provider.aci (close) - *terraform.graphNodeCloseProvider
2019/01/25 17:53:34 [TRACE] Graph after step *terraform.TransitiveReductionTransformer:

data.aci_vmm_domain.fetch_domain - *terraform.NodeValidatableResource
  provider.aci - *terraform.NodeApplyableProvider
meta.count-boundary (count boundary fixup) - *terraform.NodeCountBoundary
  data.aci_vmm_domain.fetch_domain - *terraform.NodeValidatableResource
provider.aci - *terraform.NodeApplyableProvider
provider.aci (close) - *terraform.graphNodeCloseProvider
  data.aci_vmm_domain.fetch_domain - *terraform.NodeValidatableResource
root - terraform.graphNodeRoot
  meta.count-boundary (count boundary fixup) - *terraform.NodeCountBoundary
  provider.aci (close) - *terraform.graphNodeCloseProvider
2019/01/25 17:53:34 [DEBUG] Starting graph walk: walkValidate
2019/01/25 17:53:34 [TRACE] dag/walk: added new vertex: "provider.aci"
2019/01/25 17:53:34 [TRACE] dag/walk: added new vertex: "meta.count-boundary (count boundary fixup)"
2019/01/25 17:53:34 [TRACE] dag/walk: added new vertex: "provider.aci (close)"
2019/01/25 17:53:34 [TRACE] dag/walk: added new vertex: "root"
2019/01/25 17:53:34 [TRACE] dag/walk: added new vertex: "data.aci_vmm_domain.fetch_domain"
2019/01/25 17:53:34 [TRACE] dag/walk: added edge: "provider.aci (close)" waiting on "data.aci_vmm_domain.fetch_domain"
2019/01/25 17:53:34 [TRACE] dag/walk: added edge: "root" waiting on "provider.aci (close)"
2019/01/25 17:53:34 [TRACE] dag/walk: added edge: "root" waiting on "meta.count-boundary (count boundary fixup)"
2019/01/25 17:53:34 [TRACE] dag/walk: added edge: "data.aci_vmm_domain.fetch_domain" waiting on "provider.aci"
2019/01/25 17:53:34 [TRACE] dag/walk: added edge: "meta.count-boundary (count boundary fixup)" waiting on "data.aci_vmm_domain.fetch_domain"
2019/01/25 17:53:34 [TRACE] dag/walk: dependencies changed for "meta.count-boundary (count boundary fixup)", sending new deps
2019/01/25 17:53:34 [TRACE] dag/walk: dependencies changed for "provider.aci (close)", sending new deps
2019/01/25 17:53:34 [TRACE] dag/walk: dependencies changed for "root", sending new deps
2019/01/25 17:53:34 [TRACE] dag/walk: dependencies changed for "data.aci_vmm_domain.fetch_domain", sending new deps
2019/01/25 17:53:34 [TRACE] dag/walk: walking "provider.aci"
2019/01/25 17:53:34 [TRACE] vertex 'root.provider.aci': walking
2019/01/25 17:53:34 [TRACE] vertex 'root.provider.aci': evaluating
2019/01/25 17:53:34 [TRACE] [walkValidate] Entering eval tree: provider.aci
2019/01/25 17:53:34 [TRACE] root: eval: *terraform.EvalSequence
2019/01/25 17:53:34 [TRACE] root: eval: *terraform.EvalInitProvider
2019/01/25 17:53:34 [TRACE] root: eval: terraform.EvalNoop
2019/01/25 17:53:34 [TRACE] root: eval: *terraform.EvalOpFilter
2019/01/25 17:53:34 [TRACE] root: eval: *terraform.EvalSequence
2019/01/25 17:53:34 [TRACE] root: eval: *terraform.EvalGetProvider
2019/01/25 17:53:34 [TRACE] root: eval: *terraform.EvalInterpolateProvider
2019/01/25 17:53:34 [TRACE] root: eval: *terraform.EvalBuildProviderConfig
2019/01/25 17:53:34 [TRACE] root: eval: *terraform.EvalValidateProvider
2019/01/25 17:53:34 [TRACE] root: eval: terraform.EvalNoop
2019/01/25 17:53:34 [TRACE] root: eval: terraform.EvalNoop
2019/01/25 17:53:34 [TRACE] [walkValidate] Exiting eval tree: provider.aci
2019/01/25 17:53:34 [TRACE] dag/walk: walking "data.aci_vmm_domain.fetch_domain"
2019/01/25 17:53:34 [TRACE] vertex 'root.data.aci_vmm_domain.fetch_domain': walking
2019/01/25 17:53:34 [TRACE] vertex 'root.data.aci_vmm_domain.fetch_domain': evaluating
2019/01/25 17:53:34 [TRACE] [walkValidate] Entering eval tree: data.aci_vmm_domain.fetch_domain
2019/01/25 17:53:34 [TRACE] root: eval: *terraform.EvalSequence
2019/01/25 17:53:34 [TRACE] root: eval: *terraform.EvalInterpolate
2019/01/25 17:53:34 [TRACE] root: eval: *terraform.EvalIf
2019/01/25 17:53:34 [TRACE] root: eval: *terraform.EvalValidateCount
2019/01/25 17:53:34 [TRACE] root: eval: *terraform.EvalCountFixZeroOneBoundary
2019/01/25 17:53:34 [TRACE] [walkValidate] Exiting eval tree: data.aci_vmm_domain.fetch_domain
2019/01/25 17:53:34 [TRACE] vertex 'root.data.aci_vmm_domain.fetch_domain': expanding/walking dynamic subgraph
2019/01/25 17:53:34 [TRACE] Graph after step *terraform.ResourceCountTransformer:

data.aci_vmm_domain.fetch_domain - *terraform.NodeValidatableResourceInstance
2019/01/25 17:53:34 [DEBUG] Resource state not found for "data.aci_vmm_domain.fetch_domain": data.aci_vmm_domain.fetch_domain
2019/01/25 17:53:34 [TRACE] Graph after step *terraform.AttachStateTransformer:

data.aci_vmm_domain.fetch_domain - *terraform.NodeValidatableResourceInstance
2019/01/25 17:53:34 [TRACE] Graph after step *terraform.TargetsTransformer:

data.aci_vmm_domain.fetch_domain - *terraform.NodeValidatableResourceInstance
2019/01/25 17:53:34 [DEBUG] ReferenceTransformer: "data.aci_vmm_domain.fetch_domain" references: []
2019/01/25 17:53:34 [TRACE] Graph after step *terraform.ReferenceTransformer:

data.aci_vmm_domain.fetch_domain - *terraform.NodeValidatableResourceInstance
2019/01/25 17:53:34 [TRACE] Graph after step *terraform.RootTransformer:

data.aci_vmm_domain.fetch_domain - *terraform.NodeValidatableResourceInstance
2019/01/25 17:53:34 [TRACE] dag/walk: added new vertex: "data.aci_vmm_domain.fetch_domain"
2019/01/25 17:53:34 [TRACE] dag/walk: walking "data.aci_vmm_domain.fetch_domain"
2019/01/25 17:53:34 [TRACE] vertex 'root.data.aci_vmm_domain.fetch_domain': walking
2019/01/25 17:53:34 [TRACE] vertex 'root.data.aci_vmm_domain.fetch_domain': evaluating
2019/01/25 17:53:34 [TRACE] [walkValidate] Entering eval tree: data.aci_vmm_domain.fetch_domain
2019/01/25 17:53:34 [TRACE] root: eval: *terraform.EvalSequence
2019/01/25 17:53:34 [TRACE] root: eval: *terraform.EvalValidateResourceSelfRef
2019/01/25 17:53:34 [TRACE] root: eval: *terraform.EvalGetProvider
2019/01/25 17:53:34 [TRACE] root: eval: *terraform.EvalInterpolate
2019/01/25 17:53:34 [TRACE] root: eval: *terraform.EvalValidateResource
2019/01/25 17:53:34 [TRACE] [walkValidate] Exiting eval tree: data.aci_vmm_domain.fetch_domain
2019/01/25 17:53:34 [TRACE] dag/walk: walking "meta.count-boundary (count boundary fixup)"
2019/01/25 17:53:34 [TRACE] vertex 'root.meta.count-boundary (count boundary fixup)': walking
2019/01/25 17:53:34 [TRACE] vertex 'root.meta.count-boundary (count boundary fixup)': evaluating
2019/01/25 17:53:34 [TRACE] [walkValidate] Entering eval tree: meta.count-boundary (count boundary fixup)
2019/01/25 17:53:34 [TRACE] root: eval: *terraform.EvalCountFixZeroOneBoundaryGlobal
2019/01/25 17:53:34 [TRACE] [walkValidate] Exiting eval tree: meta.count-boundary (count boundary fixup)
2019/01/25 17:53:34 [TRACE] dag/walk: walking "provider.aci (close)"
2019/01/25 17:53:34 [TRACE] vertex 'root.provider.aci (close)': walking
2019/01/25 17:53:34 [TRACE] vertex 'root.provider.aci (close)': evaluating
2019/01/25 17:53:34 [TRACE] [walkValidate] Entering eval tree: provider.aci (close)
2019/01/25 17:53:34 [TRACE] root: eval: *terraform.EvalCloseProvider
2019/01/25 17:53:34 [TRACE] [walkValidate] Exiting eval tree: provider.aci (close)
2019/01/25 17:53:34 [TRACE] dag/walk: walking "root"
2019/01/25 17:53:34 [TRACE] vertex 'root.root': walking
2019/01/25 17:53:34 [INFO] backend/local: plan calling Refresh
2019/01/25 17:53:34 [INFO] terraform: building graph: GraphTypeRefresh
2019/01/25 17:53:34 [TRACE] No managed resources in state during refresh, skipping managed resource transformer
2019/01/25 17:53:34 [TRACE] ConfigTransformer: Starting for path: []
2019/01/25 17:53:34 [TRACE] Graph after step *terraform.ConfigTransformer:

data.aci_vmm_domain.fetch_domain - *terraform.NodeRefreshableDataResource
2019/01/25 17:53:34 [TRACE] Graph after step *terraform.OrphanResourceTransformer:

data.aci_vmm_domain.fetch_domain - *terraform.NodeRefreshableDataResource
2019/01/25 17:53:34 [DEBUG] Resource state not found for "data.aci_vmm_domain.fetch_domain": data.aci_vmm_domain.fetch_domain
2019/01/25 17:53:34 [TRACE] Graph after step *terraform.AttachStateTransformer:

data.aci_vmm_domain.fetch_domain - *terraform.NodeRefreshableDataResource
2019/01/25 17:53:34 [TRACE] AttachResourceConfigTransformer: Beginning...
2019/01/25 17:53:34 [TRACE] AttachResourceConfigTransformer: Attach resource config request: data.aci_vmm_domain.fetch_domain
2019/01/25 17:53:34 [TRACE] Attaching resource config: &config.Resource{Mode:1, Name:"fetch_domain", Type:"aci_vmm_domain", RawCount:(*config.RawConfig)(0xc0002c88c0), RawConfig:(*config.RawConfig)(0xc0002c8850), Provisioners:[]*config.Provisioner{}, Provider:"", DependsOn:[]string(nil), Lifecycle:config.ResourceLifecycle{CreateBeforeDestroy:false, PreventDestroy:false, IgnoreChanges:[]string(nil)}}
2019/01/25 17:53:34 [TRACE] Graph after step *terraform.AttachResourceConfigTransformer:

data.aci_vmm_domain.fetch_domain - *terraform.NodeRefreshableDataResource
2019/01/25 17:53:34 [TRACE] Graph after step *terraform.RootVariableTransformer:

data.aci_vmm_domain.fetch_domain - *terraform.NodeRefreshableDataResource
2019/01/25 17:53:34 [TRACE] ProviderConfigTransformer: Starting for path: []
2019/01/25 17:53:34 [TRACE] Attach provider request: []string{} aci
2019/01/25 17:53:34 [TRACE] Attaching provider config: *config.ProviderConfig{Name:"aci", Alias:"", Version:"", RawConfig:(*config.RawConfig)(0xc0002c87e0)}
2019/01/25 17:53:34 [TRACE] Graph after step *terraform.ProviderConfigTransformer:

data.aci_vmm_domain.fetch_domain - *terraform.NodeRefreshableDataResource
provider.aci - *terraform.NodeApplyableProvider
2019/01/25 17:53:34 [TRACE] Graph after step *terraform.MissingProviderTransformer:

data.aci_vmm_domain.fetch_domain - *terraform.NodeRefreshableDataResource
provider.aci - *terraform.NodeApplyableProvider
2019/01/25 17:53:34 [DEBUG] resource data.aci_vmm_domain.fetch_domain using provider provider.aci
2019/01/25 17:53:34 [TRACE] Graph after step *terraform.ProviderTransformer:

data.aci_vmm_domain.fetch_domain - *terraform.NodeRefreshableDataResource
  provider.aci - *terraform.NodeApplyableProvider
provider.aci - *terraform.NodeApplyableProvider
2019/01/25 17:53:34 [TRACE] Graph after step *terraform.PruneProviderTransformer:

data.aci_vmm_domain.fetch_domain - *terraform.NodeRefreshableDataResource
  provider.aci - *terraform.NodeApplyableProvider
provider.aci - *terraform.NodeApplyableProvider
2019/01/25 17:53:34 [TRACE] Graph after step *terraform.ParentProviderTransformer:

data.aci_vmm_domain.fetch_domain - *terraform.NodeRefreshableDataResource
  provider.aci - *terraform.NodeApplyableProvider
provider.aci - *terraform.NodeApplyableProvider
2019/01/25 17:53:34 [TRACE] Graph after step *terraform.graphTransformerMulti:

data.aci_vmm_domain.fetch_domain - *terraform.NodeRefreshableDataResource
  provider.aci - *terraform.NodeApplyableProvider
provider.aci - *terraform.NodeApplyableProvider
2019/01/25 17:53:34 [TRACE] Graph after step *terraform.LocalTransformer:

data.aci_vmm_domain.fetch_domain - *terraform.NodeRefreshableDataResource
  provider.aci - *terraform.NodeApplyableProvider
provider.aci - *terraform.NodeApplyableProvider
2019/01/25 17:53:34 [TRACE] Graph after step *terraform.OutputTransformer:

data.aci_vmm_domain.fetch_domain - *terraform.NodeRefreshableDataResource
  provider.aci - *terraform.NodeApplyableProvider
provider.aci - *terraform.NodeApplyableProvider
2019/01/25 17:53:34 [TRACE] Graph after step *terraform.ModuleVariableTransformer:

data.aci_vmm_domain.fetch_domain - *terraform.NodeRefreshableDataResource
  provider.aci - *terraform.NodeApplyableProvider
provider.aci - *terraform.NodeApplyableProvider
2019/01/25 17:53:34 [DEBUG] ReferenceTransformer: "data.aci_vmm_domain.fetch_domain" references: []
2019/01/25 17:53:34 [DEBUG] ReferenceTransformer: "provider.aci" references: []
2019/01/25 17:53:34 [TRACE] Graph after step *terraform.ReferenceTransformer:

data.aci_vmm_domain.fetch_domain - *terraform.NodeRefreshableDataResource
  provider.aci - *terraform.NodeApplyableProvider
provider.aci - *terraform.NodeApplyableProvider
2019/01/25 17:53:34 [TRACE] Graph after step *terraform.TargetsTransformer:

data.aci_vmm_domain.fetch_domain - *terraform.NodeRefreshableDataResource
  provider.aci - *terraform.NodeApplyableProvider
provider.aci - *terraform.NodeApplyableProvider
2019/01/25 17:53:34 [TRACE] Graph after step *terraform.CloseProviderTransformer:

data.aci_vmm_domain.fetch_domain - *terraform.NodeRefreshableDataResource
  provider.aci - *terraform.NodeApplyableProvider
provider.aci - *terraform.NodeApplyableProvider
provider.aci (close) - *terraform.graphNodeCloseProvider
  data.aci_vmm_domain.fetch_domain - *terraform.NodeRefreshableDataResource
  provider.aci - *terraform.NodeApplyableProvider
2019/01/25 17:53:34 [TRACE] Graph after step *terraform.RootTransformer:

data.aci_vmm_domain.fetch_domain - *terraform.NodeRefreshableDataResource
  provider.aci - *terraform.NodeApplyableProvider
provider.aci - *terraform.NodeApplyableProvider
provider.aci (close) - *terraform.graphNodeCloseProvider
  data.aci_vmm_domain.fetch_domain - *terraform.NodeRefreshableDataResource
  provider.aci - *terraform.NodeApplyableProvider
2019/01/25 17:53:34 [TRACE] Graph after step *terraform.TransitiveReductionTransformer:

data.aci_vmm_domain.fetch_domain - *terraform.NodeRefreshableDataResource
  provider.aci - *terraform.NodeApplyableProvider
provider.aci - *terraform.NodeApplyableProvider
provider.aci (close) - *terraform.graphNodeCloseProvider
  data.aci_vmm_domain.fetch_domain - *terraform.NodeRefreshableDataResource
2019/01/25 17:53:34 [DEBUG] Starting graph walk: walkRefresh
2019/01/25 17:53:34 [TRACE] dag/walk: added new vertex: "data.aci_vmm_domain.fetch_domain"
2019/01/25 17:53:34 [TRACE] dag/walk: added new vertex: "provider.aci"
2019/01/25 17:53:34 [TRACE] dag/walk: added new vertex: "provider.aci (close)"
2019/01/25 17:53:34 [TRACE] dag/walk: added edge: "data.aci_vmm_domain.fetch_domain" waiting on "provider.aci"
2019/01/25 17:53:34 [TRACE] dag/walk: added edge: "provider.aci (close)" waiting on "data.aci_vmm_domain.fetch_domain"
2019/01/25 17:53:34 [TRACE] dag/walk: dependencies changed for "data.aci_vmm_domain.fetch_domain", sending new deps
2019/01/25 17:53:34 [TRACE] dag/walk: dependencies changed for "provider.aci (close)", sending new deps
2019/01/25 17:53:34 [TRACE] dag/walk: walking "provider.aci"
2019/01/25 17:53:34 [TRACE] vertex 'root.provider.aci': walking
2019/01/25 17:53:34 [TRACE] vertex 'root.provider.aci': evaluating
2019/01/25 17:53:34 [TRACE] [walkRefresh] Entering eval tree: provider.aci
2019/01/25 17:53:34 [TRACE] root: eval: *terraform.EvalSequence
2019/01/25 17:53:34 [TRACE] root: eval: *terraform.EvalInitProvider
2019/01/25 17:53:34 [TRACE] root: eval: terraform.EvalNoop
2019/01/25 17:53:34 [TRACE] root: eval: terraform.EvalNoop
2019/01/25 17:53:34 [TRACE] root: eval: *terraform.EvalOpFilter
2019/01/25 17:53:34 [TRACE] root: eval: *terraform.EvalSequence
2019/01/25 17:53:34 [TRACE] root: eval: *terraform.EvalGetProvider
2019/01/25 17:53:34 [TRACE] root: eval: *terraform.EvalInterpolateProvider
2019/01/25 17:53:34 [TRACE] root: eval: *terraform.EvalBuildProviderConfig
2019/01/25 17:53:34 [TRACE] root: eval: *terraform.EvalOpFilter
2019/01/25 17:53:34 [TRACE] root: eval: *terraform.EvalSequence
2019/01/25 17:53:34 [TRACE] root: eval: *terraform.EvalConfigProvider
2019/01/25 17:53:34 [TRACE] [walkRefresh] Exiting eval tree: provider.aci
2019/01/25 17:53:34 [TRACE] dag/walk: walking "data.aci_vmm_domain.fetch_domain"
2019/01/25 17:53:34 [TRACE] vertex 'root.data.aci_vmm_domain.fetch_domain': walking
2019/01/25 17:53:34 [TRACE] vertex 'root.data.aci_vmm_domain.fetch_domain': evaluating
2019/01/25 17:53:34 [TRACE] [walkRefresh] Entering eval tree: data.aci_vmm_domain.fetch_domain
2019/01/25 17:53:34 [TRACE] root: eval: *terraform.EvalSequence
2019/01/25 17:53:34 [TRACE] root: eval: *terraform.EvalInterpolate
2019/01/25 17:53:34 [TRACE] root: eval: *terraform.EvalCountCheckComputed
2019/01/25 17:53:34 [TRACE] root: eval: *terraform.EvalIf
2019/01/25 17:53:34 [TRACE] root: eval: *terraform.EvalCountFixZeroOneBoundary
2019/01/25 17:53:34 [TRACE] [walkRefresh] Exiting eval tree: data.aci_vmm_domain.fetch_domain
2019/01/25 17:53:34 [TRACE] vertex 'root.data.aci_vmm_domain.fetch_domain': expanding/walking dynamic subgraph
2019/01/25 17:53:34 [TRACE] Graph after step *terraform.ResourceCountTransformer:

data.aci_vmm_domain.fetch_domain - *terraform.NodeRefreshableDataResourceInstance
2019/01/25 17:53:34 [TRACE] OrphanResourceCount: Starting...
2019/01/25 17:53:34 [TRACE] Graph after step *terraform.OrphanResourceCountTransformer:

data.aci_vmm_domain.fetch_domain - *terraform.NodeRefreshableDataResourceInstance
2019/01/25 17:53:34 [DEBUG] Resource state not found for "data.aci_vmm_domain.fetch_domain": data.aci_vmm_domain.fetch_domain
2019/01/25 17:53:34 [TRACE] Graph after step *terraform.AttachStateTransformer:

data.aci_vmm_domain.fetch_domain - *terraform.NodeRefreshableDataResourceInstance
2019/01/25 17:53:34 [TRACE] Graph after step *terraform.TargetsTransformer:

data.aci_vmm_domain.fetch_domain - *terraform.NodeRefreshableDataResourceInstance
2019/01/25 17:53:34 [DEBUG] ReferenceTransformer: "data.aci_vmm_domain.fetch_domain" references: []
2019/01/25 17:53:34 [TRACE] Graph after step *terraform.ReferenceTransformer:

data.aci_vmm_domain.fetch_domain - *terraform.NodeRefreshableDataResourceInstance
2019/01/25 17:53:34 [TRACE] Graph after step *terraform.RootTransformer:

data.aci_vmm_domain.fetch_domain - *terraform.NodeRefreshableDataResourceInstance
2019/01/25 17:53:34 [TRACE] dag/walk: added new vertex: "data.aci_vmm_domain.fetch_domain"
2019/01/25 17:53:34 [TRACE] dag/walk: walking "data.aci_vmm_domain.fetch_domain"
2019/01/25 17:53:34 [TRACE] vertex 'root.data.aci_vmm_domain.fetch_domain': walking
2019/01/25 17:53:34 [TRACE] vertex 'root.data.aci_vmm_domain.fetch_domain': evaluating
2019/01/25 17:53:34 [TRACE] [walkRefresh] Entering eval tree: data.aci_vmm_domain.fetch_domain
2019/01/25 17:53:34 [TRACE] root: eval: *terraform.EvalSequence
2019/01/25 17:53:34 [TRACE] root: eval: *terraform.EvalWriteState
2019/01/25 17:53:34 [TRACE] root: eval: *terraform.EvalInterpolate
2019/01/25 17:53:34 [TRACE] root: eval: *terraform.EvalIf
2019/01/25 17:53:34 [TRACE] root: eval: terraform.EvalNoop
2019/01/25 17:53:34 [TRACE] root: eval: *terraform.EvalGetProvider
2019/01/25 17:53:34 [TRACE] root: eval: *terraform.EvalReadDataDiff
2019/01/25 17:53:34 [TRACE] root: eval: *terraform.EvalReadDataApply
2019-01-25T17:53:36.512+0530 [DEBUG] plugin.terraform-provider-aci: 2019/01/25 17:53:36 Unsolicited response received on idle HTTP channel starting with "HTTP/1.1 405 Not Allowed\r\nServer: Cisco APIC\r\nDate: Fri, 25 Jan 2019 12:15:24 GMT\r\nContent-Type: text/html\r\nContent-Length: 331\r\nConnection: close\r\nETag: \"5bcfc2d7-14b\"\r\n\r\n<!DOCTYPE html PUBLIC \"-//W3C//DTD XHTML 1.0 Transitional//EN\" \"http://www.w3.org/TR/xhtml1/DTD/xhtml1-transitional.dtd\">\n<html xmlns=\"http://www.w3.org/1999/xhtml\">\n<head>\n<meta http-equiv=\"Content-Type\" content=\"text/html; charset=UTF-8\" />\n<title>Untitled Document</title>\n</head>\n\n<body>\n405 Method Not Allowed\n</body>\n</html>\n"; err=<nil>
2019-01-25T17:53:36.515+0530 [DEBUG] plugin.terraform-provider-aci: panic: runtime error: index out of range
2019-01-25T17:53:36.515+0530 [DEBUG] plugin.terraform-provider-aci: 
2019-01-25T17:53:36.515+0530 [DEBUG] plugin.terraform-provider-aci: goroutine 66 [running]:
2019-01-25T17:53:36.515+0530 [DEBUG] plugin.terraform-provider-aci: github.com/ciscoecosystem/terraform-provider-aci/aci.GetParentDn(0xc0005023d8, 0x2, 0xb, 0x19299e0)
2019-01-25T17:53:36.515+0530 [DEBUG] plugin.terraform-provider-aci: 	/Users/crest/go/src/github.com/ciscoecosystem/terraform-provider-aci/aci/utils.go:59 +0x86
2019-01-25T17:53:36.516+0530 [DEBUG] plugin.terraform-provider-aci: github.com/ciscoecosystem/terraform-provider-aci/aci.setVMMDomainAttributes(0xc0004f9500, 0xc0000c91f0, 0x19)
2019-01-25T17:53:36.516+0530 [DEBUG] plugin.terraform-provider-aci: 	/Users/crest/go/src/github.com/ciscoecosystem/terraform-provider-aci/aci/resource_aci_vmmdomp.go:254 +0xd4
2019-01-25T17:53:36.516+0530 [DEBUG] plugin.terraform-provider-aci: github.com/ciscoecosystem/terraform-provider-aci/aci.dataSourceAciVMMDomainRead(0xc0000c91f0, 0x1a91f20, 0xc00015b200, 0xc0000c91f0, 0x0)
2019-01-25T17:53:36.516+0530 [DEBUG] plugin.terraform-provider-aci: 	/Users/crest/go/src/github.com/ciscoecosystem/terraform-provider-aci/aci/data_source_aci_vmmdomp.go:45 +0x293
2019-01-25T17:53:36.516+0530 [DEBUG] plugin.terraform-provider-aci: github.com/hashicorp/terraform/helper/schema.(*Resource).ReadDataApply(0xc000160fc0, 0xc000304260, 0x1a91f20, 0xc00015b200, 0xc000032da8, 0x10b9901, 0x18ff580)
2019-01-25T17:53:36.516+0530 [DEBUG] plugin.terraform-provider-aci: 	/Users/crest/go/src/github.com/hashicorp/terraform/helper/schema/resource.go:290 +0x88
2019-01-25T17:53:36.516+0530 [DEBUG] plugin.terraform-provider-aci: github.com/hashicorp/terraform/helper/schema.(*Provider).ReadDataApply(0xc000161180, 0xc00034c320, 0xc000304260, 0xc000082800, 0x18, 0x25b2000)
2019-01-25T17:53:36.516+0530 [DEBUG] plugin.terraform-provider-aci: 	/Users/crest/go/src/github.com/hashicorp/terraform/helper/schema/provider.go:426 +0x92
2019-01-25T17:53:36.516+0530 [DEBUG] plugin.terraform-provider-aci: github.com/hashicorp/terraform/plugin.(*ResourceProviderServer).ReadDataApply(0xc00041c660, 0xc000426a50, 0xc000426bc0, 0x0, 0x0)
2019-01-25T17:53:36.516+0530 [DEBUG] plugin.terraform-provider-aci: 	/Users/crest/go/src/github.com/hashicorp/terraform/plugin/resource_provider.go:604 +0x4e
2019-01-25T17:53:36.517+0530 [DEBUG] plugin.terraform-provider-aci: reflect.Value.call(0xc000092c00, 0xc00034e060, 0x13, 0x1a95143, 0x4, 0xc000382f18, 0x3, 0x3, 0xc000078280, 0xc00030e000, ...)
2019-01-25T17:53:36.517+0530 [DEBUG] plugin.terraform-provider-aci: 	/usr/local/Cellar/go/1.11.2/libexec/src/reflect/value.go:447 +0x449
2019-01-25T17:53:36.517+0530 [DEBUG] plugin.terraform-provider-aci: reflect.Value.Call(0xc000092c00, 0xc00034e060, 0x13, 0xc00032e718, 0x3, 0x3, 0x0, 0xc0002fc3c0, 0x0)
2019-01-25T17:53:36.517+0530 [DEBUG] plugin.terraform-provider-aci: 	/usr/local/Cellar/go/1.11.2/libexec/src/reflect/value.go:308 +0xa4
2019-01-25T17:53:36.517+0530 [DEBUG] plugin.terraform-provider-aci: net/rpc.(*service).call(0xc0000b18c0, 0xc00034c1e0, 0xc0000ae0c0, 0xc0000ae190, 0xc00015a480, 0xc0000be6e0, 0x18ff540, 0xc000426a50, 0x16, 0x18ff580, ...)
2019-01-25T17:53:36.517+0530 [DEBUG] plugin.terraform-provider-aci: 	/usr/local/Cellar/go/1.11.2/libexec/src/net/rpc/server.go:384 +0x14e
2019-01-25T17:53:36.517+0530 [DEBUG] plugin.terraform-provider-aci: created by net/rpc.(*Server).ServeCodec
2019-01-25T17:53:36.517+0530 [DEBUG] plugin.terraform-provider-aci: 	/usr/local/Cellar/go/1.11.2/libexec/src/net/rpc/server.go:481 +0x47e
2019/01/25 17:53:36 [ERROR] root: eval: *terraform.EvalReadDataApply, err: data.aci_vmm_domain.fetch_domain: unexpected EOF
2019/01/25 17:53:36 [ERROR] root: eval: *terraform.EvalSequence, err: data.aci_vmm_domain.fetch_domain: unexpected EOF
2019/01/25 17:53:36 [TRACE] [walkRefresh] Exiting eval tree: data.aci_vmm_domain.fetch_domain
2019/01/25 17:53:36 [TRACE] dag/walk: upstream errored, not walking "provider.aci (close)"
2019-01-25T17:53:36.521+0530 [DEBUG] plugin: plugin process exited: path=/Users/crest/go/bin/terraform-provider-aci
2019/01/25 17:53:36 [DEBUG] plugin: waiting for all plugin processes to complete...
2019-01-25T17:53:36.521+0530 [WARN ] plugin: error closing client during Kill: err="connection is shut down"
